<?xml version="1.0" encoding="UTF-8"?>
<!-- Generated by org.testng.reporters.JUnitReportReporter -->
<testsuite skipped="0" hostname="DESKTOP-50659SL" name="Project_script.NoBroker" tests="1" failures="0" timestamp="31 May 2021 15:23:28 GMT" time="51.145" errors="0">
  <testcase name="RentProperty" time="51.145" classname="Project_script.NoBroker"/>
</testsuite> <!-- Project_script.NoBroker -->
