<?xml version="1.0" encoding="UTF-8"?>
<!-- Generated by org.testng.reporters.JUnitReportReporter -->
<testsuite skipped="0" hostname="DESKTOP-50659SL" name="Project_script.NoBroker" tests="1" failures="0" timestamp="01 Jun 2021 06:06:09 GMT" time="60.381" errors="0">
  <testcase name="RentProperty" time="60.381" classname="Project_script.NoBroker"/>
</testsuite> <!-- Project_script.NoBroker -->
